<?xml version="1.0" ?>
<!DOCTYPE coverage SYSTEM "http://cobertura.sourceforge.net/xml/coverage-04.dtd">
<coverage lines-valid="33"  lines-covered="31"  line-rate="0.9394"  branches-valid="2"  branches-covered="1"  branch-rate="0.5"  timestamp="1464606271275" complexity="0" version="0.1">
<sources>
	<source>/Users/scs/IdeaProjects/healthmonitor</source>
</sources>
<packages>
	<package name="healthmonitor"  line-rate="0.9565"  branch-rate="0.5" >
	<classes>
		<class name="index.js"  filename="index.js"  line-rate="0.9091"  branch-rate="0.5" >
		<methods>
			<method name="(anonymous_1)"  hits="1"  signature="()V" >
				<lines><line number="6"  hits="1" /></lines>
			</method>
		</methods>
		<lines>
			<line number="1"  hits="1"  branch="false" />
			<line number="2"  hits="1"  branch="false" />
			<line number="3"  hits="1"  branch="false" />
			<line number="4"  hits="1"  branch="false" />
			<line number="6"  hits="1"  branch="false" />
			<line number="7"  hits="1"  branch="true"  condition-coverage="50% (1/2)" />
			<line number="8"  hits="0"  branch="false" />
			<line number="10"  hits="1"  branch="false" />
			<line number="11"  hits="1"  branch="false" />
			<line number="15"  hits="1"  branch="false" />
			<line number="17"  hits="1"  branch="false" />
		</lines>
		</class>
		<class name="pinger.js"  filename="pinger.js"  line-rate="1"  branch-rate="1" >
		<methods>
			<method name="start"  hits="1"  signature="()V" >
				<lines><line number="6"  hits="1" /></lines>
			</method>
			<method name="loadConfig"  hits="1"  signature="()V" >
				<lines><line number="10"  hits="1" /></lines>
			</method>
		</methods>
		<lines>
			<line number="1"  hits="1"  branch="false" />
			<line number="2"  hits="1"  branch="false" />
			<line number="3"  hits="1"  branch="false" />
			<line number="6"  hits="1"  branch="false" />
			<line number="10"  hits="1"  branch="false" />
			<line number="11"  hits="1"  branch="false" />
			<line number="12"  hits="1"  branch="false" />
			<line number="13"  hits="1"  branch="false" />
			<line number="14"  hits="1"  branch="false" />
			<line number="15"  hits="2"  branch="false" />
			<line number="18"  hits="1"  branch="false" />
			<line number="21"  hits="1"  branch="false" />
		</lines>
		</class>
	</classes>
	</package>
	<package name="healthmonitor.routes"  line-rate="0.9"  branch-rate="1" >
	<classes>
		<class name="router.js"  filename="routes/router.js"  line-rate="1"  branch-rate="1" >
		<methods>
		</methods>
		<lines>
			<line number="1"  hits="1"  branch="false" />
			<line number="2"  hits="1"  branch="false" />
			<line number="3"  hits="1"  branch="false" />
			<line number="5"  hits="1"  branch="false" />
			<line number="8"  hits="1"  branch="false" />
		</lines>
		</class>
		<class name="users.js"  filename="routes/users.js"  line-rate="0.8"  branch-rate="1" >
		<methods>
			<method name="(anonymous_1)"  hits="0"  signature="()V" >
				<lines><line number="5"  hits="0" /></lines>
			</method>
		</methods>
		<lines>
			<line number="1"  hits="1"  branch="false" />
			<line number="2"  hits="1"  branch="false" />
			<line number="5"  hits="1"  branch="false" />
			<line number="6"  hits="0"  branch="false" />
			<line number="9"  hits="1"  branch="false" />
		</lines>
		</class>
	</classes>
	</package>
</packages>
</coverage>
