<?xml version="1.0" ?>
<!DOCTYPE coverage SYSTEM "http://cobertura.sourceforge.net/xml/coverage-04.dtd">
<coverage lines-valid="32"  lines-covered="24"  line-rate="0.75"  branches-valid="6"  branches-covered="1"  branch-rate="0.16670000000000001"  timestamp="1464559361152" complexity="0" version="0.1">
<sources>
	<source>/Users/scs/IdeaProjects/healthmonitor</source>
</sources>
<packages>
	<package name="healthmonitor"  line-rate="0.7406999999999999"  branch-rate="0.16670000000000001" >
	<classes>
		<class name="app.js"  filename="app.js"  line-rate="0.7406999999999999"  branch-rate="0.16670000000000001" >
		<methods>
			<method name="(anonymous_1)"  hits="0"  signature="()V" >
				<lines><line number="26"  hits="0" /></lines>
			</method>
			<method name="(anonymous_2)"  hits="0"  signature="()V" >
				<lines><line number="37"  hits="0" /></lines>
			</method>
			<method name="(anonymous_3)"  hits="0"  signature="()V" >
				<lines><line number="48"  hits="0" /></lines>
			</method>
		</methods>
		<lines>
			<line number="1"  hits="1"  branch="false" />
			<line number="2"  hits="1"  branch="false" />
			<line number="3"  hits="1"  branch="false" />
			<line number="4"  hits="1"  branch="false" />
			<line number="5"  hits="1"  branch="false" />
			<line number="7"  hits="1"  branch="false" />
			<line number="9"  hits="1"  branch="false" />
			<line number="12"  hits="1"  branch="false" />
			<line number="13"  hits="1"  branch="false" />
			<line number="17"  hits="1"  branch="false" />
			<line number="18"  hits="1"  branch="false" />
			<line number="19"  hits="1"  branch="false" />
			<line number="20"  hits="1"  branch="false" />
			<line number="21"  hits="1"  branch="false" />
			<line number="23"  hits="1"  branch="false" />
			<line number="26"  hits="1"  branch="false" />
			<line number="27"  hits="0"  branch="false" />
			<line number="28"  hits="0"  branch="false" />
			<line number="29"  hits="0"  branch="false" />
			<line number="36"  hits="1"  branch="true"  condition-coverage="50% (1/2)" />
			<line number="37"  hits="1"  branch="false" />
			<line number="38"  hits="0"  branch="true"  condition-coverage="0% (0/2)" />
			<line number="39"  hits="0"  branch="false" />
			<line number="48"  hits="1"  branch="false" />
			<line number="49"  hits="0"  branch="true"  condition-coverage="0% (0/2)" />
			<line number="50"  hits="0"  branch="false" />
			<line number="57"  hits="1"  branch="false" />
		</lines>
		</class>
	</classes>
	</package>
	<package name="healthmonitor.routes"  line-rate="0.8"  branch-rate="1" >
	<classes>
		<class name="users.js"  filename="routes/users.js"  line-rate="0.8"  branch-rate="1" >
		<methods>
			<method name="(anonymous_1)"  hits="0"  signature="()V" >
				<lines><line number="5"  hits="0" /></lines>
			</method>
		</methods>
		<lines>
			<line number="1"  hits="1"  branch="false" />
			<line number="2"  hits="1"  branch="false" />
			<line number="5"  hits="1"  branch="false" />
			<line number="6"  hits="0"  branch="false" />
			<line number="9"  hits="1"  branch="false" />
		</lines>
		</class>
	</classes>
	</package>
</packages>
</coverage>
