{"/Users/scs/IdeaProjects/healthmonitor/app.js":{"path":"/Users/scs/IdeaProjects/healthmonitor/app.js","s":{"1":1,"2":1,"3":1,"4":1,"5":1,"6":1,"7":1,"8":1,"9":1,"10":1,"11":1,"12":1,"13":1,"14":1,"15":1,"16":1,"17":0,"18":0,"19":0,"20":1,"21":1,"22":0,"23":0,"24":1,"25":0,"26":0,"27":1},"b":{"1":[1,0],"2":[0,0],"3":[0,0]},"f":{"1":0,"2":0,"3":0},"fnMap":{"1":{"name":"(anonymous_1)","line":26,"loc":{"start":{"line":26,"column":8},"end":{"line":26,"column":33}}},"2":{"name":"(anonymous_2)","line":37,"loc":{"start":{"line":37,"column":10},"end":{"line":37,"column":40}}},"3":{"name":"(anonymous_3)","line":48,"loc":{"start":{"line":48,"column":8},"end":{"line":48,"column":38}}}},"statementMap":{"1":{"start":{"line":1,"column":0},"end":{"line":1,"column":33}},"2":{"start":{"line":2,"column":0},"end":{"line":2,"column":27}},"3":{"start":{"line":3,"column":0},"end":{"line":3,"column":31}},"4":{"start":{"line":4,"column":0},"end":{"line":4,"column":44}},"5":{"start":{"line":5,"column":0},"end":{"line":5,"column":40}},"6":{"start":{"line":7,"column":0},"end":{"line":7,"column":39}},"7":{"start":{"line":9,"column":0},"end":{"line":9,"column":20}},"8":{"start":{"line":12,"column":0},"end":{"line":12,"column":48}},"9":{"start":{"line":13,"column":0},"end":{"line":13,"column":31}},"10":{"start":{"line":17,"column":0},"end":{"line":17,"column":23}},"11":{"start":{"line":18,"column":0},"end":{"line":18,"column":27}},"12":{"start":{"line":19,"column":0},"end":{"line":19,"column":52}},"13":{"start":{"line":20,"column":0},"end":{"line":20,"column":24}},"14":{"start":{"line":21,"column":0},"end":{"line":21,"column":56}},"15":{"start":{"line":23,"column":0},"end":{"line":23,"column":21}},"16":{"start":{"line":26,"column":0},"end":{"line":30,"column":3}},"17":{"start":{"line":27,"column":2},"end":{"line":27,"column":35}},"18":{"start":{"line":28,"column":2},"end":{"line":28,"column":19}},"19":{"start":{"line":29,"column":2},"end":{"line":29,"column":12}},"20":{"start":{"line":36,"column":0},"end":{"line":44,"column":1}},"21":{"start":{"line":37,"column":2},"end":{"line":43,"column":5}},"22":{"start":{"line":38,"column":4},"end":{"line":38,"column":34}},"23":{"start":{"line":39,"column":4},"end":{"line":42,"column":7}},"24":{"start":{"line":48,"column":0},"end":{"line":54,"column":3}},"25":{"start":{"line":49,"column":2},"end":{"line":49,"column":32}},"26":{"start":{"line":50,"column":2},"end":{"line":53,"column":5}},"27":{"start":{"line":57,"column":0},"end":{"line":57,"column":21}}},"branchMap":{"1":{"line":36,"type":"if","locations":[{"start":{"line":36,"column":0},"end":{"line":36,"column":0}},{"start":{"line":36,"column":0},"end":{"line":36,"column":0}}]},"2":{"line":38,"type":"binary-expr","locations":[{"start":{"line":38,"column":15},"end":{"line":38,"column":25}},{"start":{"line":38,"column":29},"end":{"line":38,"column":32}}]},"3":{"line":49,"type":"binary-expr","locations":[{"start":{"line":49,"column":13},"end":{"line":49,"column":23}},{"start":{"line":49,"column":27},"end":{"line":49,"column":30}}]}}},"/Users/scs/IdeaProjects/healthmonitor/routes/users.js":{"path":"/Users/scs/IdeaProjects/healthmonitor/routes/users.js","s":{"1":1,"2":1,"3":1,"4":0,"5":1},"b":{},"f":{"1":0},"fnMap":{"1":{"name":"(anonymous_1)","line":5,"loc":{"start":{"line":5,"column":16},"end":{"line":5,"column":41}}}},"statementMap":{"1":{"start":{"line":1,"column":0},"end":{"line":1,"column":33}},"2":{"start":{"line":2,"column":0},"end":{"line":2,"column":30}},"3":{"start":{"line":5,"column":0},"end":{"line":7,"column":3}},"4":{"start":{"line":6,"column":2},"end":{"line":6,"column":38}},"5":{"start":{"line":9,"column":0},"end":{"line":9,"column":24}}},"branchMap":{}}}